C51 COMPILER V9.53.0.0   CS                                                                12/11/2020 01:11:34 PAGE 1   


C51 COMPILER V9.53.0.0, COMPILATION OF MODULE CS
OBJECT MODULE PLACED IN .\Objects\CS.obj
COMPILER INVOKED BY: E:\Software\Keil_v5\C51\BIN\C51.EXE CS.C OPTIMIZE(8,SPEED) BROWSE DEBUG OBJECTEXTEND PRINT(.\Listin
                    -gs\CS.lst) OBJECT(.\Objects\CS.obj)

line level    source

   1          #include<reg51.h>
   2          
   3          void main(void)
   4          {
   5   1              ;
   6   1      }


MODULE INFORMATION:   STATIC OVERLAYABLE
   CODE SIZE        =      1    ----
   CONSTANT SIZE    =   ----    ----
   XDATA SIZE       =   ----    ----
   PDATA SIZE       =   ----    ----
   DATA SIZE        =   ----    ----
   IDATA SIZE       =   ----    ----
   BIT SIZE         =   ----    ----
END OF MODULE INFORMATION.


C51 COMPILATION COMPLETE.  0 WARNING(S),  0 ERROR(S)
